<?xml version="1.0" encoding="UTF-8"?>
<coverage generated="1781457417845" clover="3.2.0">
  <project timestamp="1781457417845" name="All files">
    <metrics statements="56" coveredstatements="48" conditionals="23" coveredconditionals="17" methods="13" coveredmethods="13" elements="92" coveredelements="78" complexity="0" loc="56" ncloc="56" packages="2" files="2" classes="2"/>
    <package name="routes">
      <metrics statements="35" coveredstatements="28" conditionals="7" coveredconditionals="4" methods="5" coveredmethods="5"/>
      <file name="optimizer.js" path="/Users/abhijayasinghchandel/shimla-ai/backend/routes/optimizer.js">
        <metrics statements="35" coveredstatements="28" conditionals="7" coveredconditionals="4" methods="5" coveredmethods="5"/>
        <line num="2" count="8" type="stmt"/>
        <line num="3" count="8" type="stmt"/>
        <line num="4" count="8" type="stmt"/>
        <line num="5" count="8" type="stmt"/>
        <line num="6" count="8" type="stmt"/>
        <line num="7" count="8" type="stmt"/>
        <line num="8" count="8" type="stmt"/>
        <line num="12" count="2" type="stmt"/>
        <line num="13" count="2" type="stmt"/>
        <line num="14" count="2" type="stmt"/>
        <line num="18" count="2" type="stmt"/>
        <line num="19" count="2" type="stmt"/>
        <line num="20" count="2" type="stmt"/>
        <line num="21" count="4" type="stmt"/>
        <line num="22" count="4" type="cond" truecount="1" falsecount="1"/>
        <line num="23" count="4" type="stmt"/>
        <line num="24" count="4" type="stmt"/>
        <line num="26" count="2" type="stmt"/>
        <line num="30" count="1" type="stmt"/>
        <line num="31" count="1" type="stmt"/>
        <line num="33" count="1" type="stmt"/>
        <line num="34" count="1" type="stmt"/>
        <line num="36" count="1" type="cond" truecount="2" falsecount="0"/>
        <line num="37" count="1" type="stmt"/>
        <line num="39" count="1" type="stmt"/>
        <line num="40" count="0" type="stmt"/>
        <line num="42" count="0" type="stmt"/>
        <line num="48" count="0" type="stmt"/>
        <line num="50" count="0" type="cond" truecount="0" falsecount="2"/>
        <line num="51" count="0" type="stmt"/>
        <line num="52" count="0" type="stmt"/>
        <line num="53" count="0" type="stmt"/>
        <line num="58" count="1" type="stmt"/>
        <line num="61" count="1" type="stmt"/>
        <line num="64" count="1" type="stmt"/>
      </file>
    </package>
    <package name="services">
      <metrics statements="21" coveredstatements="20" conditionals="16" coveredconditionals="13" methods="8" coveredmethods="8"/>
      <file name="ragService.js" path="/Users/abhijayasinghchandel/shimla-ai/backend/services/ragService.js">
        <metrics statements="21" coveredstatements="20" conditionals="16" coveredconditionals="13" methods="8" coveredmethods="8"/>
        <line num="1" count="1" type="stmt"/>
        <line num="5" count="4" type="cond" truecount="2" falsecount="0"/>
        <line num="6" count="1" type="stmt"/>
        <line num="9" count="3" type="stmt"/>
        <line num="14" count="3" type="stmt"/>
        <line num="15" count="30" type="stmt"/>
        <line num="17" count="30" type="stmt"/>
        <line num="18" count="30" type="cond" truecount="2" falsecount="0"/>
        <line num="19" count="30" type="cond" truecount="2" falsecount="0"/>
        <line num="20" count="30" type="cond" truecount="2" falsecount="0"/>
        <line num="22" count="30" type="cond" truecount="1" falsecount="1"/>
        <line num="26" count="0" type="stmt"/>
        <line num="30" count="30" type="stmt"/>
        <line num="33" count="3" type="stmt"/>
        <line num="34" count="30" type="stmt"/>
        <line num="35" count="3" type="stmt"/>
        <line num="37" count="5" type="stmt"/>
        <line num="39" count="3" type="cond" truecount="1" falsecount="1"/>
        <line num="45" count="1" type="stmt"/>
        <line num="48" count="1" type="stmt"/>
        <line num="57" count="1" type="stmt"/>
      </file>
    </package>
  </project>
</coverage>
