{"/Users/abhijayasinghchandel/shimla-ai/backend/routes/optimizer.js": {"path":"/Users/abhijayasinghchandel/shimla-ai/backend/routes/optimizer.js","statementMap":{"0":{"start":{"line":2,"column":12},"end":{"line":2,"column":16}},"1":{"start":{"line":3,"column":15},"end":{"line":3,"column":46}},"2":{"start":{"line":4,"column":15},"end":{"line":4,"column":46}},"3":{"start":{"line":5,"column":15},"end":{"line":5,"column":36}},"4":{"start":{"line":6,"column":15},"end":{"line":6,"column":36}},"5":{"start":{"line":7,"column":12},"end":{"line":7,"column":87}},"6":{"start":{"line":8,"column":2},"end":{"line":8,"column":58}},"7":{"start":{"line":12,"column":14},"end":{"line":12,"column":15}},"8":{"start":{"line":13,"column":2},"end":{"line":13,"column":85}},"9":{"start":{"line":13,"column":15},"end":{"line":13,"column":16}},"10":{"start":{"line":13,"column":45},"end":{"line":13,"column":85}},"11":{"start":{"line":14,"column":2},"end":{"line":14,"column":15}},"12":{"start":{"line":18,"column":18},"end":{"line":18,"column":28}},"13":{"start":{"line":19,"column":14},"end":{"line":19,"column":33}},"14":{"start":{"line":20,"column":2},"end":{"line":25,"column":3}},"15":{"start":{"line":21,"column":17},"end":{"line":21,"column":40}},"16":{"start":{"line":22,"column":20},"end":{"line":22,"column":99}},"17":{"start":{"line":22,"column":49},"end":{"line":22,"column":98}},"18":{"start":{"line":23,"column":4},"end":{"line":23,"column":24}},"19":{"start":{"line":24,"column":4},"end":{"line":24,"column":52}},"20":{"start":{"line":26,"column":2},"end":{"line":26,"column":15}},"21":{"start":{"line":30,"column":18},"end":{"line":30,"column":28}},"22":{"start":{"line":31,"column":21},"end":{"line":31,"column":45}},"23":{"start":{"line":33,"column":17},"end":{"line":33,"column":21}},"24":{"start":{"line":34,"column":13},"end":{"line":34,"column":14}},"25":{"start":{"line":36,"column":2},"end":{"line":59,"column":3}},"26":{"start":{"line":37,"column":4},"end":{"line":37,"column":21}},"27":{"start":{"line":39,"column":4},"end":{"line":56,"column":5}},"28":{"start":{"line":39,"column":17},"end":{"line":39,"column":18}},"29":{"start":{"line":40,"column":6},"end":{"line":55,"column":7}},"30":{"start":{"line":40,"column":19},"end":{"line":40,"column":24}},"31":{"start":{"line":42,"column":25},"end":{"line":46,"column":9}},"32":{"start":{"line":48,"column":28},"end":{"line":48,"column":51}},"33":{"start":{"line":50,"column":8},"end":{"line":54,"column":9}},"34":{"start":{"line":51,"column":10},"end":{"line":51,"column":31}},"35":{"start":{"line":52,"column":10},"end":{"line":52,"column":37}},"36":{"start":{"line":53,"column":10},"end":{"line":53,"column":26}},"37":{"start":{"line":58,"column":4},"end":{"line":58,"column":11}},"38":{"start":{"line":61,"column":2},"end":{"line":61,"column":19}},"39":{"start":{"line":64,"column":0},"end":{"line":64,"column":70}}},"fnMap":{"0":{"name":"distance","decl":{"start":{"line":1,"column":9},"end":{"line":1,"column":17}},"loc":{"start":{"line":1,"column":24},"end":{"line":9,"column":1}},"line":1},"1":{"name":"totalDistance","decl":{"start":{"line":11,"column":9},"end":{"line":11,"column":22}},"loc":{"start":{"line":11,"column":30},"end":{"line":15,"column":1}},"line":11},"2":{"name":"nearestNeighbor","decl":{"start":{"line":17,"column":9},"end":{"line":17,"column":24}},"loc":{"start":{"line":17,"column":32},"end":{"line":27,"column":1}},"line":17},"3":{"name":"(anonymous_3)","decl":{"start":{"line":22,"column":37},"end":{"line":22,"column":38}},"loc":{"start":{"line":22,"column":49},"end":{"line":22,"column":98}},"line":22},"4":{"name":"twoOpt","decl":{"start":{"line":29,"column":9},"end":{"line":29,"column":15}},"loc":{"start":{"line":29,"column":38},"end":{"line":62,"column":1}},"line":29}},"branchMap":{"0":{"loc":{"start":{"line":22,"column":49},"end":{"line":22,"column":98}},"type":"cond-expr","locations":[{"start":{"line":22,"column":91},"end":{"line":22,"column":92}},{"start":{"line":22,"column":95},"end":{"line":22,"column":98}}],"line":22},"1":{"loc":{"start":{"line":29,"column":23},"end":{"line":29,"column":36}},"type":"default-arg","locations":[{"start":{"line":29,"column":33},"end":{"line":29,"column":36}}],"line":29},"2":{"loc":{"start":{"line":36,"column":9},"end":{"line":36,"column":35}},"type":"binary-expr","locations":[{"start":{"line":36,"column":9},"end":{"line":36,"column":17}},{"start":{"line":36,"column":21},"end":{"line":36,"column":35}}],"line":36},"3":{"loc":{"start":{"line":50,"column":8},"end":{"line":54,"column":9}},"type":"if","locations":[{"start":{"line":50,"column":8},"end":{"line":54,"column":9}},{"start":{},"end":{}}],"line":50}},"s":{"0":8,"1":8,"2":8,"3":8,"4":8,"5":8,"6":8,"7":2,"8":2,"9":2,"10":2,"11":2,"12":2,"13":2,"14":2,"15":4,"16":4,"17":2,"18":4,"19":4,"20":2,"21":1,"22":1,"23":1,"24":1,"25":1,"26":1,"27":1,"28":1,"29":0,"30":0,"31":0,"32":0,"33":0,"34":0,"35":0,"36":0,"37":1,"38":1,"39":1},"f":{"0":8,"1":2,"2":2,"3":2,"4":1},"b":{"0":[0,2],"1":[1],"2":[2,1],"3":[0,0]},"_coverageSchema":"1a1c01bbd47fc00a2c39e90264f33305004495a9","hash":"c03184df727d57aa24e627f798f5d76d624e9de3"}
,"/Users/abhijayasinghchandel/shimla-ai/backend/services/ragService.js": {"path":"/Users/abhijayasinghchandel/shimla-ai/backend/services/ragService.js","statementMap":{"0":{"start":{"line":1,"column":19},"end":{"line":1,"column":49}},"1":{"start":{"line":5,"column":4},"end":{"line":7,"column":5}},"2":{"start":{"line":6,"column":6},"end":{"line":6,"column":45}},"3":{"start":{"line":9,"column":21},"end":{"line":12,"column":22}},"4":{"start":{"line":14,"column":19},"end":{"line":31,"column":6}},"5":{"start":{"line":15,"column":18},"end":{"line":15,"column":19}},"6":{"start":{"line":17,"column":6},"end":{"line":28,"column":9}},"7":{"start":{"line":18,"column":8},"end":{"line":18,"column":62}},"8":{"start":{"line":18,"column":50},"end":{"line":18,"column":62}},"9":{"start":{"line":19,"column":8},"end":{"line":19,"column":65}},"10":{"start":{"line":19,"column":54},"end":{"line":19,"column":65}},"11":{"start":{"line":20,"column":8},"end":{"line":20,"column":68}},"12":{"start":{"line":20,"column":57},"end":{"line":20,"column":68}},"13":{"start":{"line":22,"column":8},"end":{"line":27,"column":9}},"14":{"start":{"line":26,"column":10},"end":{"line":26,"column":21}},"15":{"start":{"line":30,"column":6},"end":{"line":30,"column":29}},"16":{"start":{"line":33,"column":21},"end":{"line":37,"column":23}},"17":{"start":{"line":34,"column":19},"end":{"line":34,"column":30}},"18":{"start":{"line":35,"column":22},"end":{"line":35,"column":39}},"19":{"start":{"line":37,"column":16},"end":{"line":37,"column":22}},"20":{"start":{"line":39,"column":4},"end":{"line":41,"column":40}},"21":{"start":{"line":45,"column":4},"end":{"line":53,"column":20}},"22":{"start":{"line":48,"column":10},"end":{"line":51,"column":20}},"23":{"start":{"line":57,"column":0},"end":{"line":57,"column":27}}},"fnMap":{"0":{"name":"(anonymous_0)","decl":{"start":{"line":4,"column":2},"end":{"line":4,"column":3}},"loc":{"start":{"line":4,"column":41},"end":{"line":42,"column":3}},"line":4},"1":{"name":"(anonymous_1)","decl":{"start":{"line":14,"column":40},"end":{"line":14,"column":41}},"loc":{"start":{"line":14,"column":48},"end":{"line":31,"column":5}},"line":14},"2":{"name":"(anonymous_2)","decl":{"start":{"line":17,"column":23},"end":{"line":17,"column":24}},"loc":{"start":{"line":17,"column":29},"end":{"line":28,"column":7}},"line":17},"3":{"name":"(anonymous_3)","decl":{"start":{"line":34,"column":14},"end":{"line":34,"column":15}},"loc":{"start":{"line":34,"column":19},"end":{"line":34,"column":30}},"line":34},"4":{"name":"(anonymous_4)","decl":{"start":{"line":35,"column":12},"end":{"line":35,"column":13}},"loc":{"start":{"line":35,"column":22},"end":{"line":35,"column":39}},"line":35},"5":{"name":"(anonymous_5)","decl":{"start":{"line":37,"column":11},"end":{"line":37,"column":12}},"loc":{"start":{"line":37,"column":16},"end":{"line":37,"column":22}},"line":37},"6":{"name":"(anonymous_6)","decl":{"start":{"line":44,"column":2},"end":{"line":44,"column":3}},"loc":{"start":{"line":44,"column":22},"end":{"line":54,"column":3}},"line":44},"7":{"name":"(anonymous_7)","decl":{"start":{"line":47,"column":8},"end":{"line":47,"column":9}},"loc":{"start":{"line":48,"column":10},"end":{"line":51,"column":20}},"line":48}},"branchMap":{"0":{"loc":{"start":{"line":4,"column":19},"end":{"line":4,"column":29}},"type":"default-arg","locations":[{"start":{"line":4,"column":27},"end":{"line":4,"column":29}}],"line":4},"1":{"loc":{"start":{"line":4,"column":31},"end":{"line":4,"column":39}},"type":"default-arg","locations":[{"start":{"line":4,"column":38},"end":{"line":4,"column":39}}],"line":4},"2":{"loc":{"start":{"line":5,"column":4},"end":{"line":7,"column":5}},"type":"if","locations":[{"start":{"line":5,"column":4},"end":{"line":7,"column":5}},{"start":{},"end":{}}],"line":5},"3":{"loc":{"start":{"line":18,"column":8},"end":{"line":18,"column":62}},"type":"if","locations":[{"start":{"line":18,"column":8},"end":{"line":18,"column":62}},{"start":{},"end":{}}],"line":18},"4":{"loc":{"start":{"line":19,"column":8},"end":{"line":19,"column":65}},"type":"if","locations":[{"start":{"line":19,"column":8},"end":{"line":19,"column":65}},{"start":{},"end":{}}],"line":19},"5":{"loc":{"start":{"line":20,"column":8},"end":{"line":20,"column":68}},"type":"if","locations":[{"start":{"line":20,"column":8},"end":{"line":20,"column":68}},{"start":{},"end":{}}],"line":20},"6":{"loc":{"start":{"line":22,"column":8},"end":{"line":27,"column":9}},"type":"if","locations":[{"start":{"line":22,"column":8},"end":{"line":27,"column":9}},{"start":{},"end":{}}],"line":22},"7":{"loc":{"start":{"line":23,"column":10},"end":{"line":24,"column":51}},"type":"binary-expr","locations":[{"start":{"line":23,"column":10},"end":{"line":23,"column":24}},{"start":{"line":24,"column":10},"end":{"line":24,"column":51}}],"line":23},"8":{"loc":{"start":{"line":39,"column":11},"end":{"line":41,"column":39}},"type":"cond-expr","locations":[{"start":{"line":40,"column":8},"end":{"line":40,"column":16}},{"start":{"line":41,"column":8},"end":{"line":41,"column":39}}],"line":39}},"s":{"0":1,"1":4,"2":1,"3":3,"4":3,"5":30,"6":30,"7":30,"8":6,"9":30,"10":6,"11":30,"12":6,"13":30,"14":0,"15":30,"16":3,"17":30,"18":3,"19":5,"20":3,"21":1,"22":1,"23":1},"f":{"0":4,"1":30,"2":30,"3":30,"4":3,"5":5,"6":1,"7":1},"b":{"0":[0],"1":[2],"2":[1,3],"3":[6,24],"4":[6,24],"5":[6,24],"6":[0,30],"7":[30,30],"8":[3,0]},"_coverageSchema":"1a1c01bbd47fc00a2c39e90264f33305004495a9","hash":"4e9a627fd3754bb1503574993089d830fc6cff09"}
}
