TN:
SF:routes/optimizer.js
FN:1,distance
FN:11,totalDistance
FN:17,nearestNeighbor
FN:22,(anonymous_3)
FN:29,twoOpt
FNF:5
FNH:5
FNDA:8,distance
FNDA:2,totalDistance
FNDA:2,nearestNeighbor
FNDA:2,(anonymous_3)
FNDA:1,twoOpt
DA:2,8
DA:3,8
DA:4,8
DA:5,8
DA:6,8
DA:7,8
DA:8,8
DA:12,2
DA:13,2
DA:14,2
DA:18,2
DA:19,2
DA:20,2
DA:21,4
DA:22,4
DA:23,4
DA:24,4
DA:26,2
DA:30,1
DA:31,1
DA:33,1
DA:34,1
DA:36,1
DA:37,1
DA:39,1
DA:40,0
DA:42,0
DA:48,0
DA:50,0
DA:51,0
DA:52,0
DA:53,0
DA:58,1
DA:61,1
DA:64,1
LF:35
LH:28
BRDA:22,0,0,0
BRDA:22,0,1,2
BRDA:29,1,0,1
BRDA:36,2,0,2
BRDA:36,2,1,1
BRDA:50,3,0,0
BRDA:50,3,1,0
BRF:7
BRH:4
end_of_record
TN:
SF:services/ragService.js
FN:4,(anonymous_0)
FN:14,(anonymous_1)
FN:17,(anonymous_2)
FN:34,(anonymous_3)
FN:35,(anonymous_4)
FN:37,(anonymous_5)
FN:44,(anonymous_6)
FN:47,(anonymous_7)
FNF:8
FNH:8
FNDA:4,(anonymous_0)
FNDA:30,(anonymous_1)
FNDA:30,(anonymous_2)
FNDA:30,(anonymous_3)
FNDA:3,(anonymous_4)
FNDA:5,(anonymous_5)
FNDA:1,(anonymous_6)
FNDA:1,(anonymous_7)
DA:1,1
DA:5,4
DA:6,1
DA:9,3
DA:14,3
DA:15,30
DA:17,30
DA:18,30
DA:19,30
DA:20,30
DA:22,30
DA:26,0
DA:30,30
DA:33,3
DA:34,30
DA:35,3
DA:37,5
DA:39,3
DA:45,1
DA:48,1
DA:57,1
LF:21
LH:20
BRDA:4,0,0,0
BRDA:4,1,0,2
BRDA:5,2,0,1
BRDA:5,2,1,3
BRDA:18,3,0,6
BRDA:18,3,1,24
BRDA:19,4,0,6
BRDA:19,4,1,24
BRDA:20,5,0,6
BRDA:20,5,1,24
BRDA:22,6,0,0
BRDA:22,6,1,30
BRDA:23,7,0,30
BRDA:23,7,1,30
BRDA:39,8,0,3
BRDA:39,8,1,0
BRF:16
BRH:13
end_of_record
